This is XeTeX, Version 3.141592653-2.6-0.999996 (TeX Live 2024) (preloaded format=xelatex 2024.8.11)  15 OCT 2024 11:11
entering extended mode
 restricted \write18 enabled.
 file:line:error style messages enabled.
 %&-line parsing enabled.
**ap
(./ap.tex
LaTeX2e <2023-11-01> patch level 1
L3 programming layer <2024-02-20>
(d:/texlive/2024/texmf-dist/tex/latex/base/report.cls
Document Class: report 2023/05/17 v1.4n Standard LaTeX document class
(d:/texlive/2024/texmf-dist/tex/latex/base/size10.clo
File: size10.clo 2023/05/17 v1.4n Standard LaTeX file (size option)
)
\c@part=\count184
\c@chapter=\count185
\c@section=\count186
\c@subsection=\count187
\c@subsubsection=\count188
\c@paragraph=\count189
\c@subparagraph=\count190
\c@figure=\count191
\c@table=\count192
\abovecaptionskip=\skip48
\belowcaptionskip=\skip49
\bibindent=\dimen140
) (d:/texlive/2024/texmf-dist/tex/latex/siunitx/siunitx.sty
Package: siunitx 2024-02-15 v3.3.12 A comprehensive (SI) units package
\l__siunitx_number_uncert_offset_int=\count193
\l__siunitx_number_exponent_fixed_int=\count194
\l__siunitx_number_min_decimal_int=\count195
\l__siunitx_number_min_integer_int=\count196
\l__siunitx_number_round_precision_int=\count197
\l__siunitx_number_lower_threshold_int=\count198
\l__siunitx_number_upper_threshold_int=\count199
\l__siunitx_number_group_first_int=\count266
\l__siunitx_number_group_size_int=\count267
\l__siunitx_number_group_minimum_int=\count268
\l__siunitx_angle_tmp_dim=\dimen141
\l__siunitx_angle_marker_box=\box51
\l__siunitx_angle_unit_box=\box52
\l__siunitx_compound_count_int=\count269
 (d:/texlive/2024/texmf-dist/tex/latex/translations/translations.sty
Package: translations 2022/02/05 v1.12 internationalization of LaTeX2e packages (CN)
 (d:/texlive/2024/texmf-dist/tex/latex/etoolbox/etoolbox.sty
Package: etoolbox 2020/10/05 v2.5k e-TeX tools for LaTeX (JAW)
\etb@tempcnta=\count270
) (d:/texlive/2024/texmf-dist/tex/generic/pdftexcmds/pdftexcmds.sty
Package: pdftexcmds 2020-06-27 v0.33 Utility functions of pdfTeX for LuaTeX (HO)
 (d:/texlive/2024/texmf-dist/tex/generic/infwarerr/infwarerr.sty
Package: infwarerr 2019/12/03 v1.5 Providing info/warning/error messages (HO)
) (d:/texlive/2024/texmf-dist/tex/generic/iftex/iftex.sty
Package: iftex 2022/02/03 v1.0f TeX engine tests
) (d:/texlive/2024/texmf-dist/tex/generic/ltxcmds/ltxcmds.sty
Package: ltxcmds 2023-12-04 v1.26 LaTeX kernel commands for general use (HO)
)
Package pdftexcmds Info: \pdf@primitive is available.
Package pdftexcmds Info: \pdf@ifprimitive is available.
Package pdftexcmds Info: \pdfdraftmode not found.
)) (d:/texlive/2024/texmf-dist/tex/latex/amsmath/amstext.sty
Package: amstext 2021/08/26 v2.01 AMS text
 (d:/texlive/2024/texmf-dist/tex/latex/amsmath/amsgen.sty
File: amsgen.sty 1999/11/30 v2.0 generic functions
\@emptytoks=\toks17
\ex@=\dimen142
))
\l__siunitx_table_tmp_box=\box53
\l__siunitx_table_tmp_dim=\dimen143
\l__siunitx_table_column_width_dim=\dimen144
\l__siunitx_table_integer_box=\box54
\l__siunitx_table_decimal_box=\box55
\l__siunitx_table_uncert_box=\box56
\l__siunitx_table_before_box=\box57
\l__siunitx_table_after_box=\box58
\l__siunitx_table_before_dim=\dimen145
\l__siunitx_table_carry_dim=\dimen146
\l__siunitx_unit_tmp_int=\count271
\l__siunitx_unit_position_int=\count272
\l__siunitx_unit_total_int=\count273
 (d:/texlive/2024/texmf-dist/tex/latex/tools/array.sty
Package: array 2023/10/16 v2.5g Tabular extension package (FMi)
\col@sep=\dimen147
\ar@mcellbox=\box59
\extrarowheight=\dimen148
\NC@list=\toks18
\extratabsurround=\skip50
\backup@length=\skip51
\ar@cellbox=\box60
)) (d:/texlive/2024/texmf-dist/tex/latex/ctex/ctex.sty (d:/texlive/2024/texmf-dist/tex/latex/l3kernel/expl3.sty
Package: expl3 2024-02-20 L3 programming layer (loader) 
 (d:/texlive/2024/texmf-dist/tex/latex/l3backend/l3backend-xetex.def
File: l3backend-xetex.def 2024-02-20 L3 backend support: XeTeX
\g__graphics_track_int=\count274
\l__pdf_internal_box=\box61
\g__pdf_backend_object_int=\count275
\g__pdf_backend_annotation_int=\count276
\g__pdf_backend_link_int=\count277
))
Package: ctex 2022/07/14 v2.5.10 Chinese adapter in LaTeX (CTEX)
 (d:/texlive/2024/texmf-dist/tex/latex/ctex/ctexhook.sty
Package: ctexhook 2022/07/14 v2.5.10 Document and package hooks (CTEX)
) (d:/texlive/2024/texmf-dist/tex/latex/ctex/ctexpatch.sty
Package: ctexpatch 2022/07/14 v2.5.10 Patching commands (CTEX)
) (d:/texlive/2024/texmf-dist/tex/latex/base/fix-cm.sty
Package: fix-cm 2020/11/24 v1.1t fixes to LaTeX
 (d:/texlive/2024/texmf-dist/tex/latex/base/ts1enc.def
File: ts1enc.def 2001/06/05 v3.0e (jk/car/fm) Standard LaTeX file
LaTeX Font Info:    Redeclaring font encoding TS1 on input line 47.
))
\l__ctex_tmp_int=\count278
\l__ctex_tmp_box=\box62
\l__ctex_tmp_dim=\dimen149
\g__ctex_section_depth_int=\count279
\g__ctex_font_size_int=\count280
 (d:/texlive/2024/texmf-dist/tex/latex/ctex/config/ctexopts.cfg
File: ctexopts.cfg 2022/07/14 v2.5.10 Option configuration file (CTEX)
) (d:/texlive/2024/texmf-dist/tex/latex/ctex/engine/ctex-engine-xetex.def
File: ctex-engine-xetex.def 2022/07/14 v2.5.10 XeLaTeX adapter (CTEX)
 (d:/texlive/2024/texmf-dist/tex/xelatex/xecjk/xeCJK.sty
Package: xeCJK 2022/08/05 v3.9.1 Typesetting CJK scripts with XeLaTeX
 (d:/texlive/2024/texmf-dist/tex/latex/l3packages/xtemplate/xtemplate.sty (d:/texlive/2024/texmf-dist/tex/latex/l3packages/xtemplate/xtemplate-2023-10-10.sty
Package: xtemplate 2023-10-10 L3 Experimental prototype document functions
\l__xtemplate_tmp_dim=\dimen150
\l__xtemplate_tmp_int=\count281
\l__xtemplate_tmp_muskip=\muskip16
\l__xtemplate_tmp_skip=\skip52
))
\l__xeCJK_tmp_int=\count282
\l__xeCJK_tmp_box=\box63
\l__xeCJK_tmp_dim=\dimen151
\l__xeCJK_tmp_skip=\skip53
\g__xeCJK_space_factor_int=\count283
\l__xeCJK_begin_int=\count284
\l__xeCJK_end_int=\count285
\c__xeCJK_CJK_class_int=\XeTeXcharclass1
\c__xeCJK_FullLeft_class_int=\XeTeXcharclass2
\c__xeCJK_FullRight_class_int=\XeTeXcharclass3
\c__xeCJK_HalfLeft_class_int=\XeTeXcharclass4
\c__xeCJK_HalfRight_class_int=\XeTeXcharclass5
\c__xeCJK_NormalSpace_class_int=\XeTeXcharclass6
\c__xeCJK_CM_class_int=\XeTeXcharclass7
\c__xeCJK_HangulJamo_class_int=\XeTeXcharclass8
\l__xeCJK_last_skip=\skip54
\c__xeCJK_none_node=\count286
\g__xeCJK_node_int=\count287
\c__xeCJK_CJK_node_dim=\dimen152
\c__xeCJK_CJK-space_node_dim=\dimen153
\c__xeCJK_default_node_dim=\dimen154
\c__xeCJK_CJK-widow_node_dim=\dimen155
\c__xeCJK_normalspace_node_dim=\dimen156
\c__xeCJK_default-space_node_skip=\skip55
\l__xeCJK_ccglue_skip=\skip56
\l__xeCJK_ecglue_skip=\skip57
\l__xeCJK_punct_kern_skip=\skip58
\l__xeCJK_indent_box=\box64
\l__xeCJK_last_penalty_int=\count288
\l__xeCJK_last_bound_dim=\dimen157
\l__xeCJK_last_kern_dim=\dimen158
\l__xeCJK_widow_penalty_int=\count289

Package xtemplate Info: Declaring object type 'xeCJK/punctuation' taking 0
(xtemplate)             argument(s) on line 2396.

\l__xeCJK_fixed_punct_width_dim=\dimen159
\l__xeCJK_mixed_punct_width_dim=\dimen160
\l__xeCJK_middle_punct_width_dim=\dimen161
\l__xeCJK_fixed_margin_width_dim=\dimen162
\l__xeCJK_mixed_margin_width_dim=\dimen163
\l__xeCJK_middle_margin_width_dim=\dimen164
\l__xeCJK_bound_punct_width_dim=\dimen165
\l__xeCJK_bound_margin_width_dim=\dimen166
\l__xeCJK_margin_minimum_dim=\dimen167
\l__xeCJK_kerning_total_width_dim=\dimen168
\l__xeCJK_same_align_margin_dim=\dimen169
\l__xeCJK_different_align_margin_dim=\dimen170
\l__xeCJK_kerning_margin_width_dim=\dimen171
\l__xeCJK_kerning_margin_minimum_dim=\dimen172
\l__xeCJK_bound_dim=\dimen173
\l__xeCJK_reverse_bound_dim=\dimen174
\l__xeCJK_margin_dim=\dimen175
\l__xeCJK_minimum_bound_dim=\dimen176
\l__xeCJK_kerning_margin_dim=\dimen177
\g__xeCJK_family_int=\count290
\l__xeCJK_fam_int=\count291
\g__xeCJK_fam_allocation_int=\count292
\l__xeCJK_verb_case_int=\count293
\l__xeCJK_verb_exspace_skip=\skip59
 (d:/texlive/2024/texmf-dist/tex/latex/fontspec/fontspec.sty (d:/texlive/2024/texmf-dist/tex/latex/l3packages/xparse/xparse.sty
Package: xparse 2024-02-18 L3 Experimental document command parser
)
Package: fontspec 2024/02/13 v2.9a Font selection for XeLaTeX and LuaLaTeX
 (d:/texlive/2024/texmf-dist/tex/latex/fontspec/fontspec-xetex.sty
Package: fontspec-xetex 2024/02/13 v2.9a Font selection for XeLaTeX and LuaLaTeX
\l__fontspec_script_int=\count294
\l__fontspec_language_int=\count295
\l__fontspec_strnum_int=\count296
\l__fontspec_tmp_int=\count297
\l__fontspec_tmpa_int=\count298
\l__fontspec_tmpb_int=\count299
\l__fontspec_tmpc_int=\count300
\l__fontspec_em_int=\count301
\l__fontspec_emdef_int=\count302
\l__fontspec_strong_int=\count303
\l__fontspec_strongdef_int=\count304
\l__fontspec_tmpa_dim=\dimen178
\l__fontspec_tmpb_dim=\dimen179
\l__fontspec_tmpc_dim=\dimen180
 (d:/texlive/2024/texmf-dist/tex/latex/base/fontenc.sty
Package: fontenc 2021/04/29 v2.0v Standard LaTeX package
) (d:/texlive/2024/texmf-dist/tex/latex/fontspec/fontspec.cfg))) (d:/texlive/2024/texmf-dist/tex/xelatex/xecjk/xeCJK.cfg
File: xeCJK.cfg 2022/08/05 v3.9.1 Configuration file for xeCJK package
))
\ccwd=\dimen181
\l__ctex_ccglue_skip=\skip60
)
\l__ctex_ziju_dim=\dimen182
 (d:/texlive/2024/texmf-dist/tex/latex/zhnumber/zhnumber.sty
Package: zhnumber 2022/07/14 v3.0 Typesetting numbers with Chinese glyphs
\l__zhnum_scale_int=\count305
\l__zhnum_tmp_int=\count306
 (d:/texlive/2024/texmf-dist/tex/latex/zhnumber/zhnumber-utf8.cfg
File: zhnumber-utf8.cfg 2022/07/14 v3.0 Chinese numerals with UTF8 encoding
)) (d:/texlive/2024/texmf-dist/tex/latex/ctex/scheme/ctex-scheme-chinese.def
File: ctex-scheme-chinese.def 2022/07/14 v2.5.10 Chinese scheme for generic (CTEX)
 (d:/texlive/2024/texmf-dist/tex/latex/ctex/config/ctex-name-utf8.cfg
File: ctex-name-utf8.cfg 2022/07/14 v2.5.10 Caption with encoding UTF-8 (CTEX)
)) (d:/texlive/2024/texmf-dist/tex/latex/tools/indentfirst.sty
Package: indentfirst 2023/07/02 v1.03 Indent first paragraph (DPC)
) (d:/texlive/2024/texmf-dist/tex/latex/ctex/ctex-c5size.clo
File: ctex-c5size.clo 2022/07/14 v2.5.10 c5size option (CTEX)
) (d:/texlive/2024/texmf-dist/tex/latex/ctex/fontset/ctex-fontset-windows.def
File: ctex-fontset-windows.def 2022/07/14 v2.5.10 Windows fonts definition (CTEX)

Package fontspec Info: Could not resolve font "KaiTi/B" (it probably doesn't
(fontspec)             exist).


Package fontspec Info: Could not resolve font "SimHei/I" (it probably doesn't
(fontspec)             exist).


Package fontspec Info: Could not resolve font "SimSun/BI" (it probably doesn't
(fontspec)             exist).


Package fontspec Info: Font family 'SimSun(0)' created for font 'SimSun' with
(fontspec)             options
(fontspec)             [Script={CJK},BoldFont={SimHei},ItalicFont={KaiTi}].
(fontspec)              
(fontspec)              This font family consists of the following NFSS
(fontspec)             series/shapes:
(fontspec)              
(fontspec)             - 'normal' (m/n) with NFSS spec.:
(fontspec)             <->"SimSun/OT:script=hani;language=dflt;"
(fontspec)             - 'small caps'  (m/sc) with NFSS spec.: 
(fontspec)             - 'bold' (b/n) with NFSS spec.:
(fontspec)             <->"SimHei/OT:script=hani;language=dflt;"
(fontspec)             - 'bold small caps'  (b/sc) with NFSS spec.: 
(fontspec)             - 'italic' (m/it) with NFSS spec.:
(fontspec)             <->"KaiTi/OT:script=hani;language=dflt;"
(fontspec)             - 'italic small caps'  (m/scit) with NFSS spec.: 

)) (d:/texlive/2024/texmf-dist/tex/latex/ctex/config/ctex.cfg
File: ctex.cfg 2022/07/14 v2.5.10 Configuration file (CTEX)
) (d:/texlive/2024/texmf-dist/tex/latex/hyperref/hyperref.sty
Package: hyperref 2024-01-20 v7.01h Hypertext links for LaTeX
 (d:/texlive/2024/texmf-dist/tex/latex/graphics/keyval.sty
Package: keyval 2022/05/29 v1.15 key=value parser (DPC)
\KV@toks@=\toks19
) (d:/texlive/2024/texmf-dist/tex/latex/kvsetkeys/kvsetkeys.sty
Package: kvsetkeys 2022-10-05 v1.19 Key value parser (HO)
) (d:/texlive/2024/texmf-dist/tex/generic/kvdefinekeys/kvdefinekeys.sty
Package: kvdefinekeys 2019-12-19 v1.6 Define keys (HO)
) (d:/texlive/2024/texmf-dist/tex/generic/pdfescape/pdfescape.sty
Package: pdfescape 2019/12/09 v1.15 Implements pdfTeX's escape features (HO)
) (d:/texlive/2024/texmf-dist/tex/latex/hycolor/hycolor.sty
Package: hycolor 2020-01-27 v1.10 Color options for hyperref/bookmark (HO)
) (d:/texlive/2024/texmf-dist/tex/latex/auxhook/auxhook.sty
Package: auxhook 2019-12-17 v1.6 Hooks for auxiliary files (HO)
) (d:/texlive/2024/texmf-dist/tex/latex/hyperref/nameref.sty
Package: nameref 2023-11-26 v2.56 Cross-referencing by name of section
 (d:/texlive/2024/texmf-dist/tex/latex/refcount/refcount.sty
Package: refcount 2019/12/15 v3.6 Data extraction from label references (HO)
) (d:/texlive/2024/texmf-dist/tex/generic/gettitlestring/gettitlestring.sty
Package: gettitlestring 2019/12/15 v1.6 Cleanup title references (HO)
 (d:/texlive/2024/texmf-dist/tex/latex/kvoptions/kvoptions.sty
Package: kvoptions 2022-06-15 v3.15 Key value format for package options (HO)
))
\c@section@level=\count307
)
\@linkdim=\dimen183
\Hy@linkcounter=\count308
\Hy@pagecounter=\count309
 (d:/texlive/2024/texmf-dist/tex/latex/hyperref/pd1enc.def
File: pd1enc.def 2024-01-20 v7.01h Hyperref: PDFDocEncoding definition (HO)
) (d:/texlive/2024/texmf-dist/tex/generic/intcalc/intcalc.sty
Package: intcalc 2019/12/15 v1.3 Expandable calculations with integers (HO)
)
\Hy@SavedSpaceFactor=\count310
 (d:/texlive/2024/texmf-dist/tex/latex/hyperref/puenc.def
File: puenc.def 2024-01-20 v7.01h Hyperref: PDF Unicode definition (HO)
)
Package hyperref Info: Option `unicode' set `true' on input line 4062.
Package hyperref Info: Option `colorlinks' set `true' on input line 4062.
Package hyperref Info: Hyper figures OFF on input line 4179.
Package hyperref Info: Link nesting OFF on input line 4184.
Package hyperref Info: Hyper index ON on input line 4187.
Package hyperref Info: Plain pages OFF on input line 4194.
Package hyperref Info: Backreferencing OFF on input line 4199.
Package hyperref Info: Implicit mode ON; LaTeX internals redefined.
Package hyperref Info: Bookmarks ON on input line 4446.
\c@Hy@tempcnt=\count311
 (d:/texlive/2024/texmf-dist/tex/latex/url/url.sty
\Urlmuskip=\muskip17
Package: url 2013/09/16  ver 3.4  Verb mode for urls, etc.
)
LaTeX Info: Redefining \url on input line 4784.
\XeTeXLinkMargin=\dimen184
 (d:/texlive/2024/texmf-dist/tex/generic/bitset/bitset.sty
Package: bitset 2019/12/09 v1.3 Handle bit-vector datatype (HO)
 (d:/texlive/2024/texmf-dist/tex/generic/bigintcalc/bigintcalc.sty
Package: bigintcalc 2019/12/15 v1.5 Expandable calculations on big integers (HO)
))
\Fld@menulength=\count312
\Field@Width=\dimen185
\Fld@charsize=\dimen186
Package hyperref Info: Hyper figures OFF on input line 6063.
Package hyperref Info: Link nesting OFF on input line 6068.
Package hyperref Info: Hyper index ON on input line 6071.
Package hyperref Info: backreferencing OFF on input line 6078.
Package hyperref Info: Link coloring ON on input line 6081.
Package hyperref Info: Link coloring with OCG OFF on input line 6088.
Package hyperref Info: PDF/A mode OFF on input line 6093.
 (d:/texlive/2024/texmf-dist/tex/latex/base/atbegshi-ltx.sty
Package: atbegshi-ltx 2021/01/10 v1.0c Emulation of the original atbegshi
package with kernel methods
)
\Hy@abspage=\count313
\c@Item=\count314
\c@Hfootnote=\count315
)
Package hyperref Info: Driver (autodetected): hxetex.
 (d:/texlive/2024/texmf-dist/tex/latex/hyperref/hxetex.def
File: hxetex.def 2024-01-20 v7.01h Hyperref driver for XeTeX
 (d:/texlive/2024/texmf-dist/tex/generic/stringenc/stringenc.sty
Package: stringenc 2019/11/29 v1.12 Convert strings between diff. encodings (HO)
)
\pdfm@box=\box65
\c@Hy@AnnotLevel=\count316
\HyField@AnnotCount=\count317
\Fld@listcount=\count318
\c@bookmark@seq@number=\count319
 (d:/texlive/2024/texmf-dist/tex/latex/rerunfilecheck/rerunfilecheck.sty
Package: rerunfilecheck 2022-07-10 v1.10 Rerun checks for auxiliary files (HO)
 (d:/texlive/2024/texmf-dist/tex/latex/base/atveryend-ltx.sty
Package: atveryend-ltx 2020/08/19 v1.0a Emulation of the original atveryend package
with kernel methods
) (d:/texlive/2024/texmf-dist/tex/generic/uniquecounter/uniquecounter.sty
Package: uniquecounter 2019/12/15 v1.4 Provide unlimited unique counter (HO)
)
Package uniquecounter Info: New unique counter `rerunfilecheck' on input line 285.
)
\Hy@SectionHShift=\skip61
) (d:/texlive/2024/texmf-dist/tex/latex/amsmath/amsmath.sty
Package: amsmath 2023/05/13 v2.17o AMS math features
\@mathmargin=\skip62

For additional information on amsmath, use the `?' option.
(d:/texlive/2024/texmf-dist/tex/latex/amsmath/amsbsy.sty
Package: amsbsy 1999/11/29 v1.2d Bold Symbols
\pmbraise@=\dimen187
) (d:/texlive/2024/texmf-dist/tex/latex/amsmath/amsopn.sty
Package: amsopn 2022/04/08 v2.04 operator names
)
\inf@bad=\count320
LaTeX Info: Redefining \frac on input line 234.
\uproot@=\count321
\leftroot@=\count322
LaTeX Info: Redefining \overline on input line 399.
LaTeX Info: Redefining \colon on input line 410.
\classnum@=\count323
\DOTSCASE@=\count324
LaTeX Info: Redefining \ldots on input line 496.
LaTeX Info: Redefining \dots on input line 499.
LaTeX Info: Redefining \cdots on input line 620.
\Mathstrutbox@=\box66
\strutbox@=\box67
LaTeX Info: Redefining \big on input line 722.
LaTeX Info: Redefining \Big on input line 723.
LaTeX Info: Redefining \bigg on input line 724.
LaTeX Info: Redefining \Bigg on input line 725.
\big@size=\dimen188
LaTeX Font Info:    Redeclaring font encoding OML on input line 743.
LaTeX Font Info:    Redeclaring font encoding OMS on input line 744.
\macc@depth=\count325
LaTeX Info: Redefining \bmod on input line 905.
LaTeX Info: Redefining \pmod on input line 910.
LaTeX Info: Redefining \smash on input line 940.
LaTeX Info: Redefining \relbar on input line 970.
LaTeX Info: Redefining \Relbar on input line 971.
\c@MaxMatrixCols=\count326
\dotsspace@=\muskip18
\c@parentequation=\count327
\dspbrk@lvl=\count328
\tag@help=\toks20
\row@=\count329
\column@=\count330
\maxfields@=\count331
\andhelp@=\toks21
\eqnshift@=\dimen189
\alignsep@=\dimen190
\tagshift@=\dimen191
\tagwidth@=\dimen192
\totwidth@=\dimen193
\lineht@=\dimen194
\@envbody=\toks22
\multlinegap=\skip63
\multlinetaggap=\skip64
\mathdisplay@stack=\toks23
LaTeX Info: Redefining \[ on input line 2953.
LaTeX Info: Redefining \] on input line 2954.
) (d:/texlive/2024/texmf-dist/tex/latex/jknapltx/mathrsfs.sty
Package: mathrsfs 1996/01/01 Math RSFS package v1.0 (jk)
\symrsfs=\mathgroup4
) (d:/texlive/2024/texmf-dist/tex/latex/amsfonts/amssymb.sty
Package: amssymb 2013/01/14 v3.01 AMS font symbols
 (d:/texlive/2024/texmf-dist/tex/latex/amsfonts/amsfonts.sty
Package: amsfonts 2013/01/14 v3.01 Basic AMSFonts support
\symAMSa=\mathgroup5
\symAMSb=\mathgroup6
LaTeX Font Info:    Redeclaring math symbol \hbar on input line 98.
LaTeX Font Info:    Overwriting math alphabet `\mathfrak' in version `bold'
(Font)                  U/euf/m/n --> U/euf/b/n on input line 106.
)) (d:/texlive/2024/texmf-dist/tex/latex/psnfss/pifont.sty
Package: pifont 2020/03/25 PSNFSS-v9.3 Pi font support (SPQR) 
LaTeX Font Info:    Trying to load font information for U+pzd on input line 63.
 (d:/texlive/2024/texmf-dist/tex/latex/psnfss/upzd.fd
File: upzd.fd 2001/06/04 font definitions for U/pzd.
)
LaTeX Font Info:    Trying to load font information for U+psy on input line 64.
 (d:/texlive/2024/texmf-dist/tex/latex/psnfss/upsy.fd
File: upsy.fd 2001/06/04 font definitions for U/psy.
)) (d:/texlive/2024/texmf-dist/tex/latex/extarrows/extarrows.sty
Package: extarrows 2020/03/12 v1.2.0 Some extensible arrows
) (d:/texlive/2024/texmf-dist/tex/latex/tools/multicol.sty
Package: multicol 2023/03/30 v1.9f multicolumn formatting (FMi)
\c@tracingmulticols=\count332
\mult@box=\box68
\multicol@leftmargin=\dimen195
\c@unbalance=\count333
\c@collectmore=\count334
\doublecol@number=\count335
\multicoltolerance=\count336
\multicolpretolerance=\count337
\full@width=\dimen196
\page@free=\dimen197
\premulticols=\dimen198
\postmulticols=\dimen199
\multicolsep=\skip65
\multicolbaselineskip=\skip66
\partial@page=\box69
\last@line=\box70
\mc@boxedresult=\box71
\maxbalancingoverflow=\dimen256
\mult@rightbox=\box72
\mult@grightbox=\box73
\mult@firstbox=\box74
\mult@gfirstbox=\box75
\@tempa=\box76
\@tempa=\box77
\@tempa=\box78
\@tempa=\box79
\@tempa=\box80
\@tempa=\box81
\@tempa=\box82
\@tempa=\box83
\@tempa=\box84
\@tempa=\box85
\@tempa=\box86
\@tempa=\box87
\@tempa=\box88
\@tempa=\box89
\@tempa=\box90
\@tempa=\box91
\@tempa=\box92
\@tempa=\box93
\@tempa=\box94
\@tempa=\box95
\@tempa=\box96
\@tempa=\box97
\@tempa=\box98
\@tempa=\box99
\@tempa=\box100
\@tempa=\box101
\@tempa=\box102
\@tempa=\box103
\@tempa=\box104
\@tempa=\box105
\@tempa=\box106
\@tempa=\box107
\@tempa=\box108
\@tempa=\box109
\@tempa=\box110
\@tempa=\box111
\c@minrows=\count338
\c@columnbadness=\count339
\c@finalcolumnbadness=\count340
\last@try=\dimen257
\multicolovershoot=\dimen258
\multicolundershoot=\dimen259
\mult@nat@firstbox=\box112
\colbreak@box=\box113
\mc@col@check@num=\count341
) (d:/texlive/2024/texmf-dist/tex/latex/graphics/graphicx.sty
Package: graphicx 2021/09/16 v1.2d Enhanced LaTeX Graphics (DPC,SPQR)
 (d:/texlive/2024/texmf-dist/tex/latex/graphics/graphics.sty
Package: graphics 2022/03/10 v1.4e Standard LaTeX Graphics (DPC,SPQR)
 (d:/texlive/2024/texmf-dist/tex/latex/graphics/trig.sty
Package: trig 2021/08/11 v1.11 sin cos tan (DPC)
) (d:/texlive/2024/texmf-dist/tex/latex/graphics-cfg/graphics.cfg
File: graphics.cfg 2016/06/04 v1.11 sample graphics configuration
)
Package graphics Info: Driver file: xetex.def on input line 107.
 (d:/texlive/2024/texmf-dist/tex/latex/graphics-def/xetex.def
File: xetex.def 2022/09/22 v5.0n Graphics/color driver for xetex
))
\Gin@req@height=\dimen260
\Gin@req@width=\dimen261
) (d:/texlive/2024/texmf-dist/tex/latex/float/float.sty
Package: float 2001/11/08 v1.3d Float enhancements (AL)
\c@float@type=\count342
\float@exts=\toks24
\float@box=\box114
\@float@everytoks=\toks25
\@floatcapt=\box115
) (d:/texlive/2024/texmf-dist/tex/latex/mathtools/mathtools.sty
Package: mathtools 2024/03/11 v1.30 mathematical typesetting tools
 (d:/texlive/2024/texmf-dist/tex/latex/tools/calc.sty
Package: calc 2023/07/08 v4.3 Infix arithmetic (KKT,FJ)
\calc@Acount=\count343
\calc@Bcount=\count344
\calc@Adimen=\dimen262
\calc@Bdimen=\dimen263
\calc@Askip=\skip67
\calc@Bskip=\skip68
LaTeX Info: Redefining \setlength on input line 80.
LaTeX Info: Redefining \addtolength on input line 81.
\calc@Ccount=\count345
\calc@Cskip=\skip69
) (d:/texlive/2024/texmf-dist/tex/latex/mathtools/mhsetup.sty
Package: mhsetup 2021/03/18 v1.4 programming setup (MH)
)
\g_MT_multlinerow_int=\count346
\l_MT_multwidth_dim=\dimen264
\origjot=\skip70
\l_MT_shortvdotswithinadjustabove_dim=\dimen265
\l_MT_shortvdotswithinadjustbelow_dim=\dimen266
\l_MT_above_intertext_sep=\dimen267
\l_MT_below_intertext_sep=\dimen268
\l_MT_above_shortintertext_sep=\dimen269
\l_MT_below_shortintertext_sep=\dimen270
\xmathstrut@box=\box116
\xmathstrut@dim=\dimen271
) (d:/texlive/2024/texmf-dist/tex/latex/geometry/geometry.sty
Package: geometry 2020/01/02 v5.9 Page Geometry
 (d:/texlive/2024/texmf-dist/tex/generic/iftex/ifvtex.sty
Package: ifvtex 2019/10/25 v1.7 ifvtex legacy package. Use iftex instead.
)
\Gm@cnth=\count347
\Gm@cntv=\count348
\c@Gm@tempcnt=\count349
\Gm@bindingoffset=\dimen272
\Gm@wd@mp=\dimen273
\Gm@odd@mp=\dimen274
\Gm@even@mp=\dimen275
\Gm@layoutwidth=\dimen276
\Gm@layoutheight=\dimen277
\Gm@layouthoffset=\dimen278
\Gm@layoutvoffset=\dimen279
\Gm@dimlist=\toks26
) (d:/texlive/2024/texmf-dist/tex/latex/amscls/amsthm.sty
Package: amsthm 2020/05/29 v2.20.6
\thm@style=\toks27
\thm@bodyfont=\toks28
\thm@headfont=\toks29
\thm@notefont=\toks30
\thm@headpunct=\toks31
\thm@preskip=\skip71
\thm@postskip=\skip72
\thm@headsep=\skip73
\dth@everypar=\toks32
)
\c@LineTheorem=\count350
\c@definition=\count351
 (d:/texlive/2024/texmf-dist/tex/latex/xcolor/xcolor.sty
Package: xcolor 2023/11/15 v3.01 LaTeX color extensions (UK)
 (d:/texlive/2024/texmf-dist/tex/latex/graphics-cfg/color.cfg
File: color.cfg 2016/01/02 v1.6 sample color configuration
)
Package xcolor Info: Driver file: xetex.def on input line 274.
 (d:/texlive/2024/texmf-dist/tex/latex/graphics/mathcolor.ltx)
Package xcolor Info: Model `cmy' substituted by `cmy0' on input line 1350.
Package xcolor Info: Model `RGB' extended on input line 1366.
Package xcolor Info: Model `HTML' substituted by `rgb' on input line 1368.
Package xcolor Info: Model `Hsb' substituted by `hsb' on input line 1369.
Package xcolor Info: Model `tHsb' substituted by `hsb' on input line 1370.
Package xcolor Info: Model `HSB' substituted by `hsb' on input line 1371.
Package xcolor Info: Model `Gray' substituted by `gray' on input line 1372.
Package xcolor Info: Model `wave' substituted by `hsb' on input line 1373.
) (d:/texlive/2024/texmf-dist/tex/latex/graphics/dvipsnam.def
File: dvipsnam.def 2016/06/17 v3.0m Driver-dependent file (DPC,SPQR)
) (d:/texlive/2024/texmf-dist/tex/latex/xcolor/svgnam.def
File: svgnam.def 2023/11/15 v3.01 Predefined colors according to SVG 1.1 (UK)
) (d:/texlive/2024/texmf-dist/tex/latex/changepage/changepage.sty
Package: changepage 2009/10/20 v1.0c check page and change page layout
\c@cp@cntr=\count352
\cp@tempcnt=\count353
) (d:/texlive/2024/texmf-dist/tex/latex/framed/framed.sty
Package: framed 2011/10/22 v 0.96: framed or shaded text with page breaks
\OuterFrameSep=\skip74
\fb@frw=\dimen280
\fb@frh=\dimen281
\FrameRule=\dimen282
\FrameSep=\dimen283
) (d:/texlive/2024/texmf-dist/tex/latex/booktabs/booktabs.sty
Package: booktabs 2020/01/12 v1.61803398 Publication quality tables
\heavyrulewidth=\dimen284
\lightrulewidth=\dimen285
\cmidrulewidth=\dimen286
\belowrulesep=\dimen287
\belowbottomsep=\dimen288
\aboverulesep=\dimen289
\abovetopsep=\dimen290
\cmidrulesep=\dimen291
\cmidrulekern=\dimen292
\defaultaddspace=\dimen293
\@cmidla=\count354
\@cmidlb=\count355
\@aboverulesep=\dimen294
\@belowrulesep=\dimen295
\@thisruleclass=\count356
\@lastruleclass=\count357
\@thisrulewidth=\dimen296
) (d:/texlive/2024/texmf-dist/tex/latex/tabularray/tabularray.sty
Package: tabularray 2024-02-16 v2024A Typeset tabulars and arrays with LaTeX3
\l__tblr_a_int=\count358
\l__tblr_c_int=\count359
\l__tblr_r_int=\count360
\l__tblr_d_dim=\dimen297
\l__tblr_h_dim=\dimen298
\l__tblr_o_dim=\dimen299
\l__tblr_p_dim=\dimen300
\l__tblr_q_dim=\dimen301
\l__tblr_r_dim=\dimen302
\l__tblr_s_dim=\dimen303
\l__tblr_t_dim=\dimen304
\l__tblr_v_dim=\dimen305
\l__tblr_w_dim=\dimen306
\l__tblr_a_box=\box117
\l__tblr_b_box=\box118
\l__tblr_c_box=\box119
\l__tblr_d_box=\box120
\g__tblr_table_count_int=\count361
\c@rownum=\count362
\c@colnum=\count363
\c@rowcount=\count364
\c@colcount=\count365
\abovesep=\dimen307
\belowsep=\dimen308
\leftsep=\dimen309
\rightsep=\dimen310
\g_tblr_level_int=\count366
\g__tblr_data_row_key_count_int=\count367
\g__tblr_data_column_key_count_int=\count368
\g__tblr_data_cell_key_count_int=\count369
\g__tblr_array_int=\count370
\l__tblr_key_count_int=\count371
\l__tblr_key_quotient_int=\count372
\l__tblr_key_quotient_two_int=\count373
\l__tblr_key_remainder_int=\count374
\g__tblr_data_str_value_count_int=\count375
\rulewidth=\dimen311
\l__tblr_strut_dp_dim=\dimen312
\l__tblr_strut_ht_dim=\dimen313
\g__tblr_cell_wd_dim=\dimen314
\g__tblr_cell_ht_dim=\dimen315
\g__tblr_cell_head_dim=\dimen316
\g__tblr_cell_foot_dim=\dimen317
\l__column_target_dim=\dimen318
\l__tblr_caption_box=\box121
\l__tblr_caption_left_box=\box122
\l__tblr_row_head_box=\box123
\l__tblr_row_foot_box=\box124
\l__tblr_row_head_foot_dim=\dimen319
\tablewidth=\dimen320
\l__tblr_table_firsthead_box=\box125
\l__tblr_table_middlehead_box=\box126
\l__tblr_table_lasthead_box=\box127
\l__tblr_table_firstfoot_box=\box128
\l__tblr_table_middlefoot_box=\box129
\l__tblr_table_lastfoot_box=\box130
\l__tblr_remain_height_dim=\dimen321
\l__tblr_long_from_int=\count376
\l__tblr_long_to_int=\count377
\l__tblr_curr_i_int=\count378
\l__tblr_prev_i_int=\count379
\l__tblr_table_page_int=\count380
\l__tblr_table_head_box=\box131
\l__tblr_table_foot_box=\box132
\l__tblr_table_head_foot_dim=\dimen322
\l__tblr_table_head_body_foot_dim=\dimen323
\l__tblr_table_box=\box133
\l__tblr_table_hlines_box=\box134
\l__tblr_hline_box=\box135
\l__tblr_row_box=\box136
\l__tblr_col_o_wd_dim=\dimen324
\l__tblr_col_b_wd_dim=\dimen325
\l__tblr_hline_leftskip_dim=\dimen326
\l__tblr_hline_rightskip_dim=\dimen327
\l__tblr_row_ht_dim=\dimen328
\l__tblr_row_dp_dim=\dimen329
\l__tblr_row_abovesep_dim=\dimen330
\l__tblr_row_belowsep_dim=\dimen331
\l__tblr_row_vlines_box=\box137
\l__tblr_vline_box=\box138
\l__tblr_cell_box=\box139
\l__row_upper_dim=\dimen332
\l__row_lower_dim=\dimen333
\l__row_vpace_dim=\dimen334
\l__tblr_vline_aboveskip_dim=\dimen335
\l__tblr_vline_belowskip_dim=\dimen336
\l__tblr_cell_wd_dim=\dimen337
\l__tblr_cell_ht_dim=\dimen338
\l__tblr_diag_box=\box140
) (d:/texlive/2024/texmf-dist/tex/latex/tools/longtable.sty
Package: longtable 2023-11-01 v4.19 Multi-page Table package (DPC)
\LTleft=\skip75
\LTright=\skip76
\LTpre=\skip77
\LTpost=\skip78
\LTchunksize=\count381
\LTcapwidth=\dimen339
\LT@head=\box141
\LT@firsthead=\box142
\LT@foot=\box143
\LT@lastfoot=\box144
\LT@gbox=\box145
\LT@cols=\count382
\LT@rows=\count383
\c@LT@tables=\count384
\c@LT@chunks=\count385
\LT@p@ftn=\toks33
)

Package fontspec Info: Could not resolve font "SimSun/BI" (it probably doesn't
(fontspec)             exist).


Package fontspec Info: Could not resolve font "SimSun/B" (it probably doesn't
(fontspec)             exist).


Package fontspec Info: Could not resolve font "SimSun/I" (it probably doesn't
(fontspec)             exist).


Package fontspec Info: Font family 'SimSun(1)' created for font 'SimSun' with
(fontspec)             options [Ligatures=TeX].
(fontspec)              
(fontspec)              This font family consists of the following NFSS
(fontspec)             series/shapes:
(fontspec)              
(fontspec)             - 'normal' (m/n) with NFSS spec.:
(fontspec)             <->"SimSun/OT:script=latn;language=dflt;mapping=tex-text;"
(fontspec)             - 'small caps'  (m/sc) with NFSS spec.: 



Package xeCJK Warning: Redefining CJKfamily `\CJKrmdefault' (SimSun(0)).


Package fontspec Info: Could not resolve font "SimSun/I" (it probably doesn't
(fontspec)             exist).


Package fontspec Info: Could not resolve font "SimSun/BI" (it probably doesn't
(fontspec)             exist).


Package fontspec Info: Could not resolve font "SimSun/I" (it probably doesn't
(fontspec)             exist).


Package fontspec Info: Font family 'SimSun(2)' created for font 'SimSun' with
(fontspec)             options [Script={CJK},AutoFakeBold={3}].
(fontspec)              
(fontspec)              This font family consists of the following NFSS
(fontspec)             series/shapes:
(fontspec)              
(fontspec)             - 'normal' (m/n) with NFSS spec.:
(fontspec)             <->"SimSun/OT:script=hani;language=dflt;"
(fontspec)             - 'small caps'  (m/sc) with NFSS spec.: 
(fontspec)             - 'bold' (b/n) with NFSS spec.:
(fontspec)             <->"SimSun/OT:script=hani;language=dflt;embolden=3;"
(fontspec)             - 'bold small caps'  (b/sc) with NFSS spec.: 


Package fontspec Info: Font family 'TimesNewRoman(0)' created for font 'Times
(fontspec)             New Roman' with options [Ligatures=TeX].
(fontspec)              
(fontspec)              This font family consists of the following NFSS
(fontspec)             series/shapes:
(fontspec)              
(fontspec)             - 'normal' (m/n) with NFSS spec.: <->"Times New
(fontspec)             Roman/OT:script=latn;language=dflt;mapping=tex-text;"
(fontspec)             - 'small caps'  (m/sc) with NFSS spec.: <->"Times New
(fontspec)             Roman/OT:script=latn;language=dflt;+smcp;mapping=tex-text;"
(fontspec)             - 'bold' (b/n) with NFSS spec.: <->"Times New
(fontspec)             Roman/B/OT:script=latn;language=dflt;mapping=tex-text;"
(fontspec)             - 'bold small caps'  (b/sc) with NFSS spec.: <->"Times
(fontspec)             New
(fontspec)             Roman/B/OT:script=latn;language=dflt;+smcp;mapping=tex-text;"
(fontspec)             - 'italic' (m/it) with NFSS spec.: <->"Times New
(fontspec)             Roman/I/OT:script=latn;language=dflt;mapping=tex-text;"
(fontspec)             - 'italic small caps'  (m/scit) with NFSS spec.:
(fontspec)             <->"Times New
(fontspec)             Roman/I/OT:script=latn;language=dflt;+smcp;mapping=tex-text;"
(fontspec)             - 'bold italic' (b/it) with NFSS spec.: <->"Times New
(fontspec)             Roman/BI/OT:script=latn;language=dflt;mapping=tex-text;"
(fontspec)             - 'bold italic small caps'  (b/scit) with NFSS spec.:
(fontspec)             <->"Times New
(fontspec)             Roman/BI/OT:script=latn;language=dflt;+smcp;mapping=tex-text;"

(d:/texlive/2024/texmf-dist/tex/latex/titlesec/titlesec.sty
Package: titlesec 2023/10/27 v2.16 Sectioning titles
\ttl@box=\box146
\beforetitleunit=\skip79
\aftertitleunit=\skip80
\ttl@plus=\dimen340
\ttl@minus=\dimen341
\ttl@toksa=\toks34
\titlewidth=\dimen342
\titlewidthlast=\dimen343
\titlewidthfirst=\dimen344
) (d:/texlive/2024/texmf-dist/tex/latex/fancyhdr/fancyhdr.sty
Package: fancyhdr 2022/11/09 v4.1 Extensive control of page headers and footers
\f@nch@headwidth=\skip81
\f@nch@O@elh=\skip82
\f@nch@O@erh=\skip83
\f@nch@O@olh=\skip84
\f@nch@O@orh=\skip85
\f@nch@O@elf=\skip86
\f@nch@O@erf=\skip87
\f@nch@O@olf=\skip88
\f@nch@O@orf=\skip89
)
Package translations Info: No language package found. I am going to use `english' as default language. on input line 248.
 (./ap.aux)
\openout1 = `ap.aux'.

LaTeX Font Info:    Checking defaults for OML/cmm/m/it on input line 248.
LaTeX Font Info:    ... okay on input line 248.
LaTeX Font Info:    Checking defaults for OMS/cmsy/m/n on input line 248.
LaTeX Font Info:    ... okay on input line 248.
LaTeX Font Info:    Checking defaults for OT1/cmr/m/n on input line 248.
LaTeX Font Info:    ... okay on input line 248.
LaTeX Font Info:    Checking defaults for T1/cmr/m/n on input line 248.
LaTeX Font Info:    ... okay on input line 248.
LaTeX Font Info:    Checking defaults for TS1/cmr/m/n on input line 248.
LaTeX Font Info:    ... okay on input line 248.
LaTeX Font Info:    Checking defaults for TU/lmr/m/n on input line 248.
LaTeX Font Info:    ... okay on input line 248.
LaTeX Font Info:    Checking defaults for OMX/cmex/m/n on input line 248.
LaTeX Font Info:    ... okay on input line 248.
LaTeX Font Info:    Checking defaults for U/cmr/m/n on input line 248.
LaTeX Font Info:    ... okay on input line 248.
LaTeX Font Info:    Checking defaults for PD1/pdf/m/n on input line 248.
LaTeX Font Info:    ... okay on input line 248.
LaTeX Font Info:    Checking defaults for PU/pdf/m/n on input line 248.
LaTeX Font Info:    ... okay on input line 248.
 (d:/texlive/2024/texmf-dist/tex/latex/translations/translations-basic-dictionary-english.trsl
File: translations-basic-dictionary-english.trsl (english translation file `translations-basic-dictionary')
)
Package translations Info: loading dictionary `translations-basic-dictionary' for `english'. on input line 248.

Package fontspec Info: Adjusting the maths setup (use [no-math] to avoid
(fontspec)             this).

\symlegacymaths=\mathgroup7
LaTeX Font Info:    Overwriting symbol font `legacymaths' in version `bold'
(Font)                  OT1/cmr/m/n --> OT1/cmr/bx/n on input line 248.
LaTeX Font Info:    Redeclaring math accent \acute on input line 248.
LaTeX Font Info:    Redeclaring math accent \grave on input line 248.
LaTeX Font Info:    Redeclaring math accent \ddot on input line 248.
LaTeX Font Info:    Redeclaring math accent \tilde on input line 248.
LaTeX Font Info:    Redeclaring math accent \bar on input line 248.
LaTeX Font Info:    Redeclaring math accent \breve on input line 248.
LaTeX Font Info:    Redeclaring math accent \check on input line 248.
LaTeX Font Info:    Redeclaring math accent \hat on input line 248.
LaTeX Font Info:    Redeclaring math accent \dot on input line 248.
LaTeX Font Info:    Redeclaring math accent \mathring on input line 248.
LaTeX Font Info:    Redeclaring math symbol \Gamma on input line 248.
LaTeX Font Info:    Redeclaring math symbol \Delta on input line 248.
LaTeX Font Info:    Redeclaring math symbol \Theta on input line 248.
LaTeX Font Info:    Redeclaring math symbol \Lambda on input line 248.
LaTeX Font Info:    Redeclaring math symbol \Xi on input line 248.
LaTeX Font Info:    Redeclaring math symbol \Pi on input line 248.
LaTeX Font Info:    Redeclaring math symbol \Sigma on input line 248.
LaTeX Font Info:    Redeclaring math symbol \Upsilon on input line 248.
LaTeX Font Info:    Redeclaring math symbol \Phi on input line 248.
LaTeX Font Info:    Redeclaring math symbol \Psi on input line 248.
LaTeX Font Info:    Redeclaring math symbol \Omega on input line 248.
LaTeX Font Info:    Redeclaring math symbol \mathdollar on input line 248.
LaTeX Font Info:    Redeclaring symbol font `operators' on input line 248.
LaTeX Font Info:    Encoding `OT1' has changed to `TU' for symbol font
(Font)              `operators' in the math version `normal' on input line 248.
LaTeX Font Info:    Overwriting symbol font `operators' in version `normal'
(Font)                  OT1/cmr/m/n --> TU/TimesNewRoman(0)/m/n on input line 248.
LaTeX Font Info:    Encoding `OT1' has changed to `TU' for symbol font
(Font)              `operators' in the math version `bold' on input line 248.
LaTeX Font Info:    Overwriting symbol font `operators' in version `bold'
(Font)                  OT1/cmr/bx/n --> TU/TimesNewRoman(0)/m/n on input line 248.
LaTeX Font Info:    Overwriting symbol font `operators' in version `normal'
(Font)                  TU/TimesNewRoman(0)/m/n --> TU/TimesNewRoman(0)/m/n on input line 248.
LaTeX Font Info:    Overwriting math alphabet `\mathit' in version `normal'
(Font)                  OT1/cmr/m/it --> TU/TimesNewRoman(0)/m/it on input line 248.
LaTeX Font Info:    Overwriting math alphabet `\mathbf' in version `normal'
(Font)                  OT1/cmr/bx/n --> TU/TimesNewRoman(0)/b/n on input line 248.
LaTeX Font Info:    Overwriting math alphabet `\mathsf' in version `normal'
(Font)                  OT1/cmss/m/n --> TU/lmss/m/n on input line 248.
LaTeX Font Info:    Overwriting math alphabet `\mathtt' in version `normal'
(Font)                  OT1/cmtt/m/n --> TU/lmtt/m/n on input line 248.
LaTeX Font Info:    Overwriting symbol font `operators' in version `bold'
(Font)                  TU/TimesNewRoman(0)/m/n --> TU/TimesNewRoman(0)/b/n on input line 248.
LaTeX Font Info:    Overwriting math alphabet `\mathit' in version `bold'
(Font)                  OT1/cmr/bx/it --> TU/TimesNewRoman(0)/b/it on input line 248.
LaTeX Font Info:    Overwriting math alphabet `\mathsf' in version `bold'
(Font)                  OT1/cmss/bx/n --> TU/lmss/b/n on input line 248.
LaTeX Font Info:    Overwriting math alphabet `\mathtt' in version `bold'
(Font)                  OT1/cmtt/m/n --> TU/lmtt/b/n on input line 248.
Package hyperref Info: Link coloring ON on input line 248.
 (./ap.out) (./ap.out)
\@outlinefile=\write3
\openout3 = `ap.out'.


*geometry* driver: auto-detecting
*geometry* detected driver: xetex
*geometry* verbose mode - [ preamble ] result:
* driver: xetex
* paper: a4paper
* layout: <same size as paper>
* layoutoffset:(h,v)=(0.0pt,0.0pt)
* modes: 
* h-part:(L,W,R)=(54.2025pt, 489.10287pt, 54.2025pt)
* v-part:(T,H,B)=(72.26999pt, 700.50687pt, 72.26999pt)
* \paperwidth=597.50787pt
* \paperheight=845.04684pt
* \textwidth=489.10287pt
* \textheight=700.50687pt
* \oddsidemargin=-18.06749pt
* \evensidemargin=-18.06749pt
* \topmargin=-37.0pt
* \headheight=12.0pt
* \headsep=25.0pt
* \topskip=10.0pt
* \footskip=30.0pt
* \marginparwidth=49.79231pt
* \marginparsep=11.0pt
* \columnsep=10.0pt
* \skip\footins=9.0pt plus 4.0pt minus 2.0pt
* \hoffset=0.0pt
* \voffset=0.0pt
* \mag=1000
* \@twocolumnfalse
* \@twosidefalse
* \@mparswitchfalse
* \@reversemarginfalse
* (1in=72.27pt=25.4mm, 1cm=28.453pt)

(d:/texlive/2024/texmf-dist/tex/latex/ninecolors/ninecolors.sty
Package: ninecolors 2022-02-13 v2022D Select colors with proper color contrast
)
LaTeX Font Info:    Trying to load font information for U+rsfs on input line 254.
 (d:/texlive/2024/texmf-dist/tex/latex/jknapltx/ursfs.fd
File: ursfs.fd 1998/03/24 rsfs font definition file (jk)
)
LaTeX Font Info:    Trying to load font information for U+msa on input line 254.
 (d:/texlive/2024/texmf-dist/tex/latex/amsfonts/umsa.fd
File: umsa.fd 2013/01/14 v3.01 AMS symbols A
)
LaTeX Font Info:    Trying to load font information for U+msb on input line 254.
 (d:/texlive/2024/texmf-dist/tex/latex/amsfonts/umsb.fd
File: umsb.fd 2013/01/14 v3.01 AMS symbols B
) [1

]
Missing character: There is no ⾼ (U+2FBC) in font SimSun/OT:script=hani;language=dflt;!
Missing character: There is no ⼤ (U+2F24) in font SimSun/OT:script=hani;language=dflt;!
Missing character: There is no ⾼ (U+2FBC) in font SimSun/OT:script=hani;language=dflt;!
Missing character: There is no ⼤ (U+2F24) in font SimSun/OT:script=hani;language=dflt;!
[1] (./ap.toc

LaTeX Font Warning: Font shape `U/rsfs/m/n' in size <10.53937> not available
(Font)              size <10.95> substituted on input line 4.

)
\tf@toc=\write4
\openout4 = `ap.toc'.

 [2

]
Chapter 1.
[1

]
File: C:/Users/78003/Desktop/ap/1.png Graphic file (type bmp)
<C:/Users/78003/Desktop/ap/1.png>
File: C:/Users/78003/Desktop/ap/2.png Graphic file (type bmp)
<C:/Users/78003/Desktop/ap/2.png>
File: C:/Users/78003/Desktop/ap/3.png Graphic file (type bmp)
<C:/Users/78003/Desktop/ap/3.png>
File: C:/Users/78003/Desktop/ap/4.png Graphic file (type bmp)
<C:/Users/78003/Desktop/ap/4.png>
File: C:/Users/78003/Desktop/ap/5.png Graphic file (type bmp)
<C:/Users/78003/Desktop/ap/5.png>
File: C:/Users/78003/Desktop/ap/6.png Graphic file (type bmp)
<C:/Users/78003/Desktop/ap/6.png>
File: C:/Users/78003/Desktop/ap/r1.png Graphic file (type bmp)
<C:/Users/78003/Desktop/ap/r1.png>
File: C:/Users/78003/Desktop/ap/r2.png Graphic file (type bmp)
<C:/Users/78003/Desktop/ap/r2.png>
File: C:/Users/78003/Desktop/ap/r3.png Graphic file (type bmp)
<C:/Users/78003/Desktop/ap/r3.png>
File: C:/Users/78003/Desktop/ap/r4.png Graphic file (type bmp)
<C:/Users/78003/Desktop/ap/r4.png>
File: C:/Users/78003/Desktop/ap/c1.png Graphic file (type bmp)
<C:/Users/78003/Desktop/ap/c1.png>
File: C:/Users/78003/Desktop/ap/c2.png Graphic file (type bmp)
<C:/Users/78003/Desktop/ap/c2.png>
File: C:/Users/78003/Desktop/ap/c3.png Graphic file (type bmp)
<C:/Users/78003/Desktop/ap/c3.png>
File: C:/Users/78003/Desktop/ap/c4.png Graphic file (type bmp)
<C:/Users/78003/Desktop/ap/c4.png>
File: C:/Users/78003/Desktop/ap/c5.png Graphic file (type bmp)
<C:/Users/78003/Desktop/ap/c5.png>
File: C:/Users/78003/Desktop/ap/c6.png Graphic file (type bmp)
<C:/Users/78003/Desktop/ap/c6.png>
File: C:/Users/78003/Desktop/ap/c7.png Graphic file (type bmp)
<C:/Users/78003/Desktop/ap/c7.png>
File: C:/Users/78003/Desktop/ap/rg1.png Graphic file (type bmp)
<C:/Users/78003/Desktop/ap/rg1.png>
File: C:/Users/78003/Desktop/ap/rg2.png Graphic file (type bmp)
<C:/Users/78003/Desktop/ap/rg2.png>
File: C:/Users/78003/Desktop/ap/rg3.png Graphic file (type bmp)
<C:/Users/78003/Desktop/ap/rg3.png>
File: C:/Users/78003/Desktop/ap/rg4.png Graphic file (type bmp)
<C:/Users/78003/Desktop/ap/rg4.png>
File: C:/Users/78003/Desktop/ap/sy1.png Graphic file (type bmp)
<C:/Users/78003/Desktop/ap/sy1.png>
File: C:/Users/78003/Desktop/ap/sy2.png Graphic file (type bmp)
<C:/Users/78003/Desktop/ap/sy2.png>
File: C:/Users/78003/Desktop/ap/sy3.png Graphic file (type bmp)
<C:/Users/78003/Desktop/ap/sy3.png>
File: C:/Users/78003/Desktop/ap/xt1.png Graphic file (type bmp)
<C:/Users/78003/Desktop/ap/xt1.png>
File: C:/Users/78003/Desktop/ap/sx1.png Graphic file (type bmp)
<C:/Users/78003/Desktop/ap/sx1.png>
File: C:/Users/78003/Desktop/ap/sx2.png Graphic file (type bmp)
<C:/Users/78003/Desktop/ap/sx2.png>
File: C:/Users/78003/Desktop/ap/sx3.png Graphic file (type bmp)
<C:/Users/78003/Desktop/ap/sx3.png>
File: C:/Users/78003/Desktop/ap/sx4.png Graphic file (type bmp)
<C:/Users/78003/Desktop/ap/sx4.png>
File: C:/Users/78003/Desktop/ap/xt2.png Graphic file (type bmp)
<C:/Users/78003/Desktop/ap/xt2.png>
File: C:/Users/78003/Desktop/ap/sm1.png Graphic file (type bmp)
<C:/Users/78003/Desktop/ap/sm1.png>
File: C:/Users/78003/Desktop/ap/sm2.png Graphic file (type bmp)
<C:/Users/78003/Desktop/ap/sm2.png>
File: C:/Users/78003/Desktop/ap/bg1.png Graphic file (type bmp)
<C:/Users/78003/Desktop/ap/bg1.png>
File: C:/Users/78003/Desktop/ap/est1.png Graphic file (type bmp)
<C:/Users/78003/Desktop/ap/est1.png>
File: C:/Users/78003/Desktop/ap/est2.png Graphic file (type bmp)
<C:/Users/78003/Desktop/ap/est2.png>
File: C:/Users/78003/Desktop/ap/q1.png Graphic file (type bmp)
<C:/Users/78003/Desktop/ap/q1.png>
File: C:/Users/78003/Desktop/ap/q2.png Graphic file (type bmp)
<C:/Users/78003/Desktop/ap/q2.png>
 [2] [3] [4] [5] [6] [7] [8] [9] [10] [11] [12] [13] [14] [15] [16] [17] [18] [19] [20] [21] [22] [23] [24]
Chapter 2.
File: C:/Users/78003/Desktop/ap/back1.png Graphic file (type bmp)
<C:/Users/78003/Desktop/ap/back1.png>
File: C:/Users/78003/Desktop/ap/back2.png Graphic file (type bmp)
<C:/Users/78003/Desktop/ap/back2.png>
File: C:/Users/78003/Desktop/ap/back3.png Graphic file (type bmp)
<C:/Users/78003/Desktop/ap/back3.png>
File: C:/Users/78003/Desktop/ap/back4.png Graphic file (type bmp)
<C:/Users/78003/Desktop/ap/back4.png>
[25

] [26] [27]
File: C:/Users/78003/Desktop/ap/ht1.png Graphic file (type bmp)
<C:/Users/78003/Desktop/ap/ht1.png>
 [28

]
File: C:/Users/78003/Desktop/ap/kir1.png Graphic file (type bmp)
<C:/Users/78003/Desktop/ap/kir1.png>
File: C:/Users/78003/Desktop/ap/kir2.png Graphic file (type bmp)
<C:/Users/78003/Desktop/ap/kir2.png>
 [29

] [30]
File: C:/Users/78003/Desktop/ap/bb1.png Graphic file (type bmp)
<C:/Users/78003/Desktop/ap/bb1.png>
 [31

]
File: C:/Users/78003/Desktop/ap/sb1.png Graphic file (type bmp)
<C:/Users/78003/Desktop/ap/sb1.png>
File: C:/Users/78003/Desktop/ap/sb2.png Graphic file (type bmp)
<C:/Users/78003/Desktop/ap/sb2.png>
 [32

] [33]
File: C:/Users/78003/Desktop/ap/wien1.png Graphic file (type bmp)
<C:/Users/78003/Desktop/ap/wien1.png>
File: C:/Users/78003/Desktop/ap/wien2.png Graphic file (type bmp)
<C:/Users/78003/Desktop/ap/wien2.png>
 [34

] [35]
File: C:/Users/78003/Desktop/ap/rj1.png Graphic file (type bmp)
<C:/Users/78003/Desktop/ap/rj1.png>
File: C:/Users/78003/Desktop/ap/rj2.png Graphic file (type bmp)
<C:/Users/78003/Desktop/ap/rj2.png>
File: C:/Users/78003/Desktop/ap/rj3.png Graphic file (type bmp)
<C:/Users/78003/Desktop/ap/rj3.png>
File: C:/Users/78003/Desktop/ap/rj4.png Graphic file (type bmp)
<C:/Users/78003/Desktop/ap/rj4.png>
 [36

] [37] [38] [39]
File: C:/Users/78003/Desktop/ap/pl1.png Graphic file (type bmp)
<C:/Users/78003/Desktop/ap/pl1.png>
File: C:/Users/78003/Desktop/ap/pl2.png Graphic file (type bmp)
<C:/Users/78003/Desktop/ap/pl2.png>
File: C:/Users/78003/Desktop/ap/pl3.png Graphic file (type bmp)
<C:/Users/78003/Desktop/ap/pl3.png>
File: C:/Users/78003/Desktop/ap/pl4.png Graphic file (type bmp)
<C:/Users/78003/Desktop/ap/pl4.png>
File: C:/Users/78003/Desktop/ap/pl5.png Graphic file (type bmp)
<C:/Users/78003/Desktop/ap/pl5.png>
File: C:/Users/78003/Desktop/ap/pl6.png Graphic file (type bmp)
<C:/Users/78003/Desktop/ap/pl6.png>
File: C:/Users/78003/Desktop/ap/pl7.png Graphic file (type bmp)
<C:/Users/78003/Desktop/ap/pl7.png>
File: C:/Users/78003/Desktop/ap/pl8.png Graphic file (type bmp)
<C:/Users/78003/Desktop/ap/pl8.png>
File: C:/Users/78003/Desktop/ap/pl9.png Graphic file (type bmp)
<C:/Users/78003/Desktop/ap/pl9.png>
File: C:/Users/78003/Desktop/ap/pl10.png Graphic file (type bmp)
<C:/Users/78003/Desktop/ap/pl10.png>
File: C:/Users/78003/Desktop/ap/pl11.png Graphic file (type bmp)
<C:/Users/78003/Desktop/ap/pl11.png>
 [40

] [41] [42] [43] [44] [45] [46] [47] [48] [49]
File: C:/Users/78003/Desktop/ap/pe1.png Graphic file (type bmp)
<C:/Users/78003/Desktop/ap/pe1.png>
File: C:/Users/78003/Desktop/ap/pe2.png Graphic file (type bmp)
<C:/Users/78003/Desktop/ap/pe2.png>
File: C:/Users/78003/Desktop/ap/pe3.png Graphic file (type bmp)
<C:/Users/78003/Desktop/ap/pe3.png>
File: C:/Users/78003/Desktop/ap/pe4.png Graphic file (type bmp)
<C:/Users/78003/Desktop/ap/pe4.png>
File: C:/Users/78003/Desktop/ap/pe5.png Graphic file (type bmp)
<C:/Users/78003/Desktop/ap/pe5.png>
File: C:/Users/78003/Desktop/ap/pe6.png Graphic file (type bmp)
<C:/Users/78003/Desktop/ap/pe6.png>
File: C:/Users/78003/Desktop/ap/pe7.png Graphic file (type bmp)
<C:/Users/78003/Desktop/ap/pe7.png>
File: C:/Users/78003/Desktop/ap/pe8.png Graphic file (type bmp)
<C:/Users/78003/Desktop/ap/pe8.png>
File: C:/Users/78003/Desktop/ap/hc1.png Graphic file (type bmp)
<C:/Users/78003/Desktop/ap/hc1.png>
File: C:/Users/78003/Desktop/ap/gz1.png Graphic file (type bmp)
<C:/Users/78003/Desktop/ap/gz1.png>
File: C:/Users/78003/Desktop/ap/constant.png Graphic file (type bmp)
<C:/Users/78003/Desktop/ap/constant.png>
File: C:/Users/78003/Desktop/ap/2xt1.png Graphic file (type bmp)
<C:/Users/78003/Desktop/ap/2xt1.png>
File: C:/Users/78003/Desktop/ap/2xt2.png Graphic file (type bmp)
<C:/Users/78003/Desktop/ap/2xt2.png>
 [50

] [51] [52] [53] [54] [55] [56] [57] [58] [59] [60] [61] [62]
File: C:/Users/78003/Desktop/ap/gp1.png Graphic file (type bmp)
<C:/Users/78003/Desktop/ap/gp1.png>
File: C:/Users/78003/Desktop/ap/gp2.png Graphic file (type bmp)
<C:/Users/78003/Desktop/ap/gp2.png>
File: C:/Users/78003/Desktop/ap/gp3.png Graphic file (type bmp)
<C:/Users/78003/Desktop/ap/gp3.png>
File: C:/Users/78003/Desktop/ap/gp4.png Graphic file (type bmp)
<C:/Users/78003/Desktop/ap/gp4.png>
File: C:/Users/78003/Desktop/ap/gp5.png Graphic file (type bmp)
<C:/Users/78003/Desktop/ap/gp5.png>
File: C:/Users/78003/Desktop/ap/gp6.png Graphic file (type bmp)
<C:/Users/78003/Desktop/ap/gp6.png>
 [63

] [64] [65] [66] [67] [68]
File: C:/Users/78003/Desktop/ap/boer1.png Graphic file (type bmp)
<C:/Users/78003/Desktop/ap/boer1.png>
File: C:/Users/78003/Desktop/ap/boer2.png Graphic file (type bmp)
<C:/Users/78003/Desktop/ap/boer2.png>
File: C:/Users/78003/Desktop/ap/boer3.png Graphic file (type bmp)
<C:/Users/78003/Desktop/ap/boer3.png>
File: C:/Users/78003/Desktop/ap/boer4.png Graphic file (type bmp)
<C:/Users/78003/Desktop/ap/boer4.png>
File: C:/Users/78003/Desktop/ap/boer5.png Graphic file (type bmp)
<C:/Users/78003/Desktop/ap/boer5.png>
File: C:/Users/78003/Desktop/ap/boer6.png Graphic file (type bmp)
<C:/Users/78003/Desktop/ap/boer6.png>
File: C:/Users/78003/Desktop/ap/boer7.png Graphic file (type bmp)
<C:/Users/78003/Desktop/ap/boer7.png>
File: C:/Users/78003/Desktop/ap/boer8.png Graphic file (type bmp)
<C:/Users/78003/Desktop/ap/boer8.png>
File: C:/Users/78003/Desktop/ap/boer9.png Graphic file (type bmp)
<C:/Users/78003/Desktop/ap/boer9.png>
File: C:/Users/78003/Desktop/ap/boer10.png Graphic file (type bmp)
<C:/Users/78003/Desktop/ap/boer10.png>
File: C:/Users/78003/Desktop/ap/boer11.png Graphic file (type bmp)
<C:/Users/78003/Desktop/ap/boer11.png>
File: C:/Users/78003/Desktop/ap/boer12.png Graphic file (type bmp)
<C:/Users/78003/Desktop/ap/boer12.png>
File: C:/Users/78003/Desktop/ap/boer13.png Graphic file (type bmp)
<C:/Users/78003/Desktop/ap/boer13.png>
File: C:/Users/78003/Desktop/ap/boer14.png Graphic file (type bmp)
<C:/Users/78003/Desktop/ap/boer14.png>
File: C:/Users/78003/Desktop/ap/boer15.png Graphic file (type bmp)
<C:/Users/78003/Desktop/ap/boer15.png>
File: C:/Users/78003/Desktop/ap/boer16.png Graphic file (type bmp)
<C:/Users/78003/Desktop/ap/boer16.png>
File: C:/Users/78003/Desktop/ap/boer17.png Graphic file (type bmp)
<C:/Users/78003/Desktop/ap/boer17.png>
File: C:/Users/78003/Desktop/ap/boer18.png Graphic file (type bmp)
<C:/Users/78003/Desktop/ap/boer18.png>
File: C:/Users/78003/Desktop/ap/boer19.png Graphic file (type bmp)
<C:/Users/78003/Desktop/ap/boer19.png>
File: C:/Users/78003/Desktop/ap/boer20.png Graphic file (type bmp)
<C:/Users/78003/Desktop/ap/boer20.png>
 [69

] [70] [71] [72] [73] [74] [75] [76] [77] [78] [79] [80] [81] [82] [83] [84] [85] [86] [87] [88]
File: C:/Users/78003/Desktop/ap/boerex1.png Graphic file (type bmp)
<C:/Users/78003/Desktop/ap/boerex1.png>
File: C:/Users/78003/Desktop/ap/boerex2.png Graphic file (type bmp)
<C:/Users/78003/Desktop/ap/boerex2.png>
File: C:/Users/78003/Desktop/ap/boerex3.png Graphic file (type bmp)
<C:/Users/78003/Desktop/ap/boerex3.png>
 [89

] [90]
File: C:/Users/78003/Desktop/ap/ldb1.png Graphic file (type bmp)
<C:/Users/78003/Desktop/ap/ldb1.png>
File: C:/Users/78003/Desktop/ap/ldb2.png Graphic file (type bmp)
<C:/Users/78003/Desktop/ap/ldb2.png>
File: C:/Users/78003/Desktop/ap/ldb3.png Graphic file (type bmp)
<C:/Users/78003/Desktop/ap/ldb3.png>
File: C:/Users/78003/Desktop/ap/ldb4.png Graphic file (type bmp)
<C:/Users/78003/Desktop/ap/ldb4.png>
File: C:/Users/78003/Desktop/ap/ldb5.png Graphic file (type bmp)
<C:/Users/78003/Desktop/ap/ldb5.png>
File: C:/Users/78003/Desktop/ap/ldb6.png Graphic file (type bmp)
<C:/Users/78003/Desktop/ap/ldb6.png>
File: C:/Users/78003/Desktop/ap/ldbh1.png Graphic file (type bmp)
<C:/Users/78003/Desktop/ap/ldbh1.png>
File: C:/Users/78003/Desktop/ap/ldbh2.png Graphic file (type bmp)
<C:/Users/78003/Desktop/ap/ldbh2.png>
File: C:/Users/78003/Desktop/ap/ldbh3.png Graphic file (type bmp)
<C:/Users/78003/Desktop/ap/ldbh3.png>
 [91

] [92] [93] [94] [95] [96] [97] [98]
File: C:/Users/78003/Desktop/ap/leih1.png Graphic file (type bmp)
<C:/Users/78003/Desktop/ap/leih1.png>
File: C:/Users/78003/Desktop/ap/leih2.png Graphic file (type bmp)
<C:/Users/78003/Desktop/ap/leih2.png>
 [99

] [100]
File: C:/Users/78003/Desktop/ap/flzh1.png Graphic file (type bmp)
<C:/Users/78003/Desktop/ap/flzh1.png>
File: C:/Users/78003/Desktop/ap/flzh2.png Graphic file (type bmp)
<C:/Users/78003/Desktop/ap/flzh2.png>
 [101

] [102]
File: C:/Users/78003/Desktop/ap/ldby1.png Graphic file (type bmp)
<C:/Users/78003/Desktop/ap/ldby1.png>
File: C:/Users/78003/Desktop/ap/ldby2.png Graphic file (type bmp)
<C:/Users/78003/Desktop/ap/ldby2.png>
File: C:/Users/78003/Desktop/ap/ldby3.png Graphic file (type bmp)
<C:/Users/78003/Desktop/ap/ldby3.png>
 [103

] [104]
File: C:/Users/78003/Desktop/ap/ex1.png Graphic file (type bmp)
<C:/Users/78003/Desktop/ap/ex1.png>
 [105

]
File: C:/Users/78003/Desktop/ap/fhz1.png Graphic file (type bmp)
<C:/Users/78003/Desktop/ap/fhz1.png>
File: C:/Users/78003/Desktop/ap/fhz2.png Graphic file (type bmp)
<C:/Users/78003/Desktop/ap/fhz2.png>
File: C:/Users/78003/Desktop/ap/fhz3.png Graphic file (type bmp)
<C:/Users/78003/Desktop/ap/fhz3.png>
File: C:/Users/78003/Desktop/ap/fhz4.png Graphic file (type bmp)
<C:/Users/78003/Desktop/ap/fhz4.png>
File: C:/Users/78003/Desktop/ap/fhz5.png Graphic file (type bmp)
<C:/Users/78003/Desktop/ap/fhz5.png>
File: C:/Users/78003/Desktop/ap/fhz6.png Graphic file (type bmp)
<C:/Users/78003/Desktop/ap/fhz6.png>
File: C:/Users/78003/Desktop/ap/fhz7.png Graphic file (type bmp)
<C:/Users/78003/Desktop/ap/fhz7.png>
 [106

] [107] [108] [109] [110] [111]
File: C:/Users/78003/Desktop/ap/fhzg1.png Graphic file (type bmp)
<C:/Users/78003/Desktop/ap/fhzg1.png>
File: C:/Users/78003/Desktop/ap/fhzg2.png Graphic file (type bmp)
<C:/Users/78003/Desktop/ap/fhzg2.png>
 [112

] [113]
File: C:/Users/78003/Desktop/ap/boert1.png Graphic file (type bmp)
<C:/Users/78003/Desktop/ap/boert1.png>
File: C:/Users/78003/Desktop/ap/boert2.png Graphic file (type bmp)
<C:/Users/78003/Desktop/ap/boert2.png>
File: C:/Users/78003/Desktop/ap/boert3.png Graphic file (type bmp)
<C:/Users/78003/Desktop/ap/boert3.png>
File: C:/Users/78003/Desktop/ap/boert4.png Graphic file (type bmp)
<C:/Users/78003/Desktop/ap/boert4.png>
File: C:/Users/78003/Desktop/ap/boert5.png Graphic file (type bmp)
<C:/Users/78003/Desktop/ap/boert5.png>
File: C:/Users/78003/Desktop/ap/boert6.png Graphic file (type bmp)
<C:/Users/78003/Desktop/ap/boert6.png>
File: C:/Users/78003/Desktop/ap/boert7.png Graphic file (type bmp)
<C:/Users/78003/Desktop/ap/boert7.png>
File: C:/Users/78003/Desktop/ap/boert8.png Graphic file (type bmp)
<C:/Users/78003/Desktop/ap/boert8.png>
File: C:/Users/78003/Desktop/ap/boert9.png Graphic file (type bmp)
<C:/Users/78003/Desktop/ap/boert9.png>
File: C:/Users/78003/Desktop/ap/boert10.png Graphic file (type bmp)
<C:/Users/78003/Desktop/ap/boert10.png>
File: C:/Users/78003/Desktop/ap/boert11.png Graphic file (type bmp)
<C:/Users/78003/Desktop/ap/boert11.png>
File: C:/Users/78003/Desktop/ap/boert12.png Graphic file (type bmp)
<C:/Users/78003/Desktop/ap/boert12.png>
File: C:/Users/78003/Desktop/ap/boert13.png Graphic file (type bmp)
<C:/Users/78003/Desktop/ap/boert13.png>
File: C:/Users/78003/Desktop/ap/boert14.png Graphic file (type bmp)
<C:/Users/78003/Desktop/ap/boert14.png>
 [114

] [115] [116] [117] [118] [119] [120] [121] [122] [123] [124] [125] [126] [127]
File: C:/Users/78003/Desktop/ap/boertx1.png Graphic file (type bmp)
<C:/Users/78003/Desktop/ap/boertx1.png>
File: C:/Users/78003/Desktop/ap/boertx2.png Graphic file (type bmp)
<C:/Users/78003/Desktop/ap/boertx2.png>
File: C:/Users/78003/Desktop/ap/boertx3.png Graphic file (type bmp)
<C:/Users/78003/Desktop/ap/boertx3.png>
File: C:/Users/78003/Desktop/ap/boertx4.png Graphic file (type bmp)
<C:/Users/78003/Desktop/ap/boertx4.png>
File: C:/Users/78003/Desktop/ap/boertx5.png Graphic file (type bmp)
<C:/Users/78003/Desktop/ap/boertx5.png>
File: C:/Users/78003/Desktop/ap/boertx6.png Graphic file (type bmp)
<C:/Users/78003/Desktop/ap/boertx6.png>
File: C:/Users/78003/Desktop/ap/boertx7.png Graphic file (type bmp)
<C:/Users/78003/Desktop/ap/boertx7.png>
File: C:/Users/78003/Desktop/ap/boertx8.png Graphic file (type bmp)
<C:/Users/78003/Desktop/ap/boertx8.png>
File: C:/Users/78003/Desktop/ap/boertx9.png Graphic file (type bmp)
<C:/Users/78003/Desktop/ap/boertx9.png>
File: C:/Users/78003/Desktop/ap/boertx10.png Graphic file (type bmp)
<C:/Users/78003/Desktop/ap/boertx10.png>
File: C:/Users/78003/Desktop/ap/boertx11.png Graphic file (type bmp)
<C:/Users/78003/Desktop/ap/boertx11.png>
 [128

] [129] [130] [131] [132] [133] [134] [135] [136] [137] [138]
File: C:/Users/78003/Desktop/ap/jm1.png Graphic file (type bmp)
<C:/Users/78003/Desktop/ap/jm1.png>
File: C:/Users/78003/Desktop/ap/jm2.png Graphic file (type bmp)
<C:/Users/78003/Desktop/ap/jm2.png>
File: C:/Users/78003/Desktop/ap/jm3.png Graphic file (type bmp)
<C:/Users/78003/Desktop/ap/jm3.png>
File: C:/Users/78003/Desktop/ap/jm4.png Graphic file (type bmp)
<C:/Users/78003/Desktop/ap/jm4.png>
File: C:/Users/78003/Desktop/ap/jm5.png Graphic file (type bmp)
<C:/Users/78003/Desktop/ap/jm5.png>
File: C:/Users/78003/Desktop/ap/jm6.png Graphic file (type bmp)
<C:/Users/78003/Desktop/ap/jm6.png>
File: C:/Users/78003/Desktop/ap/jm7.png Graphic file (type bmp)
<C:/Users/78003/Desktop/ap/jm7.png>
File: C:/Users/78003/Desktop/ap/jm8.png Graphic file (type bmp)
<C:/Users/78003/Desktop/ap/jm8.png>
File: C:/Users/78003/Desktop/ap/jm9.png Graphic file (type bmp)
<C:/Users/78003/Desktop/ap/jm9.png>
 [139

] [140] [141] [142] [143] [144] [145] [146] [147]
Chapter 3.
[148

]
Chapter 4.
[149

] (./ap.aux)
 ***********
LaTeX2e <2023-11-01> patch level 1
L3 programming layer <2022/07/14>
 ***********


LaTeX Font Warning: Size substitutions with differences
(Font)              up to 0.41063pt have occurred.

Package rerunfilecheck Info: File `ap.out' has not changed.
(rerunfilecheck)             Checksum: E7AD2F225E5F0329D76DC58834C1B7D5;3515.
 ) 
Here is how much of TeX's memory you used:
 25826 strings out of 476720
 608906 string characters out of 5801444
 1938842 words of memory out of 5000000
 47335 multiletter control sequences out of 15000+600000
 569618 words of font info for 125 fonts, out of 8000000 for 9000
 36 hyphenation exceptions out of 8191
 93i,12n,97p,535b,949s stack positions out of 10000i,1000n,20000p,200000b,200000s

Output written on ap.pdf (152 pages).
